0 info it worked if it ends with ok
1 verbose cli [ '/usr/local/bin/node', '/usr/local/bin/npm', 'start' ]
2 info using npm@3.10.9
3 info using node@v6.9.2
4 verbose run-script [ 'prestart', 'start', 'poststart' ]
5 info lifecycle Hien-solo@~prestart: Hien-solo@
6 silly lifecycle Hien-solo@~prestart: no script for prestart, continuing
7 info lifecycle Hien-solo@~start: Hien-solo@
8 verbose lifecycle Hien-solo@~start: unsafe-perm in lifecycle true
9 verbose lifecycle Hien-solo@~start: PATH: /usr/local/lib/node_modules/npm/bin/node-gyp-bin:/Users/hienle/Desktop/ok_do/node_modules/.bin:/usr/local/bin:/usr/bin:/bin:/usr/sbin:/sbin:/Users/hienle/mongodb/bin:/usr/local/mongodb/bin
10 verbose lifecycle Hien-solo@~start: CWD: /Users/hienle/Desktop/ok_do
11 silly lifecycle Hien-solo@~start: Args: [ '-c', 'node server/server.js' ]
12 silly lifecycle Hien-solo@~start: Returned: code: 1  signal: null
13 info lifecycle Hien-solo@~start: Failed to exec start script
14 verbose stack Error: Hien-solo@ start: `node server/server.js`
14 verbose stack Exit status 1
14 verbose stack     at EventEmitter.<anonymous> (/usr/local/lib/node_modules/npm/lib/utils/lifecycle.js:255:16)
14 verbose stack     at emitTwo (events.js:106:13)
14 verbose stack     at EventEmitter.emit (events.js:191:7)
14 verbose stack     at ChildProcess.<anonymous> (/usr/local/lib/node_modules/npm/lib/utils/spawn.js:40:14)
14 verbose stack     at emitTwo (events.js:106:13)
14 verbose stack     at ChildProcess.emit (events.js:191:7)
14 verbose stack     at maybeClose (internal/child_process.js:877:16)
14 verbose stack     at Process.ChildProcess._handle.onexit (internal/child_process.js:226:5)
15 verbose pkgid Hien-solo@
16 verbose cwd /Users/hienle/Desktop/ok_do
17 error Darwin 16.3.0
18 error argv "/usr/local/bin/node" "/usr/local/bin/npm" "start"
19 error node v6.9.2
20 error npm  v3.10.9
21 error code ELIFECYCLE
22 error Hien-solo@ start: `node server/server.js`
22 error Exit status 1
23 error Failed at the Hien-solo@ start script 'node server/server.js'.
23 error Make sure you have the latest version of node.js and npm installed.
23 error If you do, this is most likely a problem with the Hien-solo package,
23 error not with npm itself.
23 error Tell the author that this fails on your system:
23 error     node server/server.js
23 error You can get information on how to open an issue for this project with:
23 error     npm bugs Hien-solo
23 error Or if that isn't available, you can get their info via:
23 error     npm owner ls Hien-solo
23 error There is likely additional logging output above.
24 verbose exit [ 1, true ]
